<?xml version="1.0" encoding="UTF-8"?>
<testsuite xmlns:xsi="http://www.w3.org/2001/XMLSchema-instance" xsi:noNamespaceSchemaLocation="https://maven.apache.org/surefire/maven-surefire-plugin/xsd/surefire-test-report.xsd" name="selenium.AppTest" time="11.501" tests="1" errors="0" skipped="0" failures="1">
  <properties>
[...]
</properties>
  <testcase name="shouldAnswerWithTrue" classname="selenium.AppTest" time="11.459">
    <failure message="expected:&lt;HandBook Devops[]&gt; but was:&lt;HandBook Devops[ - Buscar con Google]&gt;" type="org.junit.ComparisonFailure"><![CDATA[org.junit.ComparisonFailure: expected:<HandBook Devops[]> but was:<HandBook Devops[ - Buscar con Google]>
	at selenium.AppTest.shouldAnswerWithTrue(AppTest.java:40)
]]></failure>
    <system-out><![CDATA[Iniciando configuración...
https://www.amazon.com/
Amazon.com. Gasta menos. Sonríe más.
Iniciando Pruebas...
]]></system-out>
    <system-err><![CDATA[Starting ChromeDriver 99.0.4844.51 (d537ec02474b5afe23684e7963d538896c63ac77-refs/branch-heads/4844@{#875}) on port 12237
Only local connections are allowed.
Please see https://chromedriver.chromium.org/security-considerations for suggestions on keeping ChromeDriver safe.
ChromeDriver was started successfully.
mar. 18, 2022 4:44:37 P. M. org.openqa.selenium.remote.ProtocolHandshake createSession
INFO: Detected dialect: W3C
]]></system-err>
  </testcase>
</testsuite>